S:\CIS563\HW1\JELLOSIM_BASECODE\JELLOSIM_BASECODE\JELLOSIM\RELEASE\CAMERA.OBJ
S:\cis563\hw1\JelloSim_basecode\JelloSim_basecode\JelloSim\Release\cl.command.1.tlog
S:\cis563\hw1\JelloSim_basecode\JelloSim_basecode\JelloSim\Release\CL.read.1.tlog
S:\cis563\hw1\JelloSim_basecode\JelloSim_basecode\JelloSim\Release\CL.write.1.tlog
S:\CIS563\HW1\JELLOSIM_BASECODE\JELLOSIM_BASECODE\JELLOSIM\RELEASE\FPS.OBJ
S:\CIS563\HW1\JELLOSIM_BASECODE\JELLOSIM_BASECODE\JELLOSIM\RELEASE\JELLOMESH.OBJ
S:\CIS563\HW1\JELLOSIM_BASECODE\JELLOSIM_BASECODE\JELLOSIM\RELEASE\JELLOSIM.EXE.INTERMEDIATE.MANIFEST
S:\cis563\hw1\JelloSim_basecode\JelloSim_basecode\JelloSim\Release\JelloSim.vcxprojResolveAssemblyReference.cache
S:\cis563\hw1\JelloSim_basecode\JelloSim_basecode\JelloSim\Release\JelloSim.write.1.tlog
S:\cis563\hw1\JelloSim_basecode\JelloSim_basecode\JelloSim\Release\link.command.1.tlog
S:\cis563\hw1\JelloSim_basecode\JelloSim_basecode\JelloSim\Release\link.read.1.tlog
S:\cis563\hw1\JelloSim_basecode\JelloSim_basecode\JelloSim\Release\link.write.1.tlog
S:\CIS563\HW1\JELLOSIM_BASECODE\JELLOSIM_BASECODE\JELLOSIM\RELEASE\MAIN.OBJ
S:\cis563\hw1\JelloSim_basecode\JelloSim_basecode\JelloSim\Release\mt.command.1.tlog
S:\cis563\hw1\JelloSim_basecode\JelloSim_basecode\JelloSim\Release\mt.read.1.tlog
S:\cis563\hw1\JelloSim_basecode\JelloSim_basecode\JelloSim\Release\mt.write.1.tlog
S:\CIS563\HW1\JELLOSIM_BASECODE\JELLOSIM_BASECODE\JELLOSIM\RELEASE\VC100.PDB
S:\CIS563\HW1\JELLOSIM_BASECODE\JELLOSIM_BASECODE\JELLOSIM\RELEASE\VEC.OBJ
S:\CIS563\HW1\JELLOSIM_BASECODE\JELLOSIM_BASECODE\JELLOSIM\RELEASE\WORLD.OBJ
S:\CIS563\HW1\JELLOSIM_BASECODE\JELLOSIM_BASECODE\RELEASE\JELLOSIM.EXE
S:\CIS563\HW1\JELLOSIM_BASECODE\JELLOSIM_BASECODE\RELEASE\JELLOSIM.PDB
